  Log file: logs\run_1_20260328_144454_in4_out1_all.log
============================================================
  Solar Power Anomaly Detection Pipeline
============================================================
  Trial name:   run_1
  Device:       cuda
  GPU:          NVIDIA GeForce RTX 3060 Ti
  Input steps:  4 (60 min)
  Output steps: 1 (15 min)
  Models (ML):  ['Isolation_Forest', 'Random_Forest']
  Models (DL):  ['LSTM', 'CNN_LSTM', 'LSTM_Autoencoder', 'Transformer']
  Epochs:       100
  Batch size:   32
  Sigma:        3.0
  Output dir:   outputs\run_1
============================================================

[1/6] Running EDA & data cleaning...

============================================================
  EDA Pipeline - site_1
============================================================
  Data dir:    datasets\site_1
  EDA output:  outputs\run_1\data_EDA\site_1
  Cleaned CSV: datasets\site_1_cleaned.csv

============================================================
  Raw Data Summary
============================================================

  temperature_c (Temp-Ambient_340_20250601_20251201.csv):
    Rows: 26,195
    Range: 2025-06-01 01:03:15 to 2025-12-01 23:59:16
    Nulls: 0 (0.00%)
    Median interval: 0 days 00:01:00
    Max gap: 5 days 20:02:39
    Gaps > 2x median: 3250

  irradiance_wm2 (Irradiance_339_20250601_20251201.csv):
    Rows: 26,177
    Range: 2025-06-01 01:03:15 to 2025-12-01 23:59:16
    Nulls: 0 (0.00%)
    Median interval: 0 days 00:01:00
    Max gap: 5 days 20:02:40
    Gaps > 2x median: 3282

  load_kw (load_338_20250601_20251201.csv):
    Rows: 17,367
    Range: 2025-06-01 00:00:00 to 2025-12-01 23:45:00
    Nulls: 0 (0.00%)
    Median interval: 0 days 00:15:00
    Max gap: 2 days 18:45:00
    Gaps > 2x median: 5

  generation_kw (gen_337_20250601_20251201.csv):
    Rows: 26,226
    Range: 2025-06-01 01:03:15 to 2025-12-01 23:59:16
    Nulls: 0 (0.00%)
    Median interval: 0 days 00:01:00
    Max gap: 5 days 20:02:40
    Gaps > 2x median: 3254

============================================================
  Merge & Cleaning Summary
============================================================

  After merge (before cleaning): 17,664 rows
  Nulls per column:
    temperature_c       :  13260 (75.07%)
    irradiance_wm2      :  13257 (75.05%)
    load_kw             :    301 (1.70%)
    generation_kw       :  13250 (75.01%)

  After cleaning: 15,013 rows
  Dropped: 2,651 rows
  Remaining nulls per column:
    temperature_c       : 0
    irradiance_wm2      : 0
    load_kw             : 0
    generation_kw       : 0

============================================================
  Basic Statistics
============================================================
       temperature_c  irradiance_wm2   load_kw  generation_kw
count       15013.00        15013.00  15013.00       15013.00
mean           28.73          157.76    737.19          96.53
std             3.01          243.96    417.73         150.86
min             0.00            0.00      0.00           0.00
25%            26.96            0.00    408.00           0.00
50%            28.54            0.00    755.00           2.00
75%            30.60          259.62   1090.00         159.00
max            37.05         1073.00   1810.00         638.00

============================================================
  Correlation with generation_kw
============================================================
    generation_kw       : 1.0000
    irradiance_wm2      : 0.9010
    temperature_c       : 0.5642
    load_kw             : 0.0260

============================================================
  Anomaly Indicators (Visual Inspection)
============================================================
  High irradiance but low generation: 0 samples
  Generation with no sunlight: 1655 samples

============================================================
  Net Power (Generation - Load)
============================================================
  Surplus periods: 10.8%
  Deficit periods: 89.2%

  Generating EDA plots -> outputs\run_1\data_EDA\site_1
    saved: missing_data_pattern.png
    saved: before_after_cleaning.png
    saved: time_series.png
    saved: one_week_detail.png
    saved: distributions.png
    saved: boxplots.png
    saved: correlation_matrix.png
    saved: scatter_vs_generation.png
    saved: hourly_patterns.png
    saved: monthly_trends.png

  Daytime samples (irradiance > 10): 6519
  Efficiency stats:
    Mean:   0.7131
    Std:    0.3080
    Median: 0.7292
    saved: efficiency_analysis.png
    saved: anomaly_indicators.png
    saved: net_power.png

  Saved cleaned data: (15013, 4) -> datasets\site_1_cleaned.csv
  Columns: ['temperature_c', 'irradiance_wm2', 'load_kw', 'generation_kw']

[2/6] Loading and preparing data...
  Data loaded: 15013 rows
  Train: 10509 | Test: 4504
  Sequence config: input=4 -> output=1
  X_train: (10505, 4, 3) | Y_train: (10505, 1, 3)
  X_test:  (4500, 4, 3)  | Y_test:  (4500, 1, 3)
  X_train_ae: (10506, 4, 3) | X_test_ae: (4501, 4, 3)

[3/6] Training ML models...

============================================================
  Training: Isolation_Forest
============================================================
  Anomalies: 244 (5.4%)

============================================================
  Training: Random_Forest
============================================================
  Random_Forest        | RMSE:  83.3744 | MAE:  34.8012 | R2: 0.6346
  Feature importance: {'irradiance_wm2': np.float64(0.9458212890898194), 'temperature_c': np.float64(0.05417871091018052)}
  Anomalies: 159 (3.5%)

[4/6] Training DL models...

============================================================
  Training: LSTM
  Params: 55,299
============================================================
  Epoch   1/100 | Train: 0.031959 | Val: 0.008644 | LR: 0.001000
  Epoch  10/100 | Train: 0.004296 | Val: 0.003344 | LR: 0.001000
  Epoch  20/100 | Train: 0.002819 | Val: 0.003354 | LR: 0.001000
  Epoch  30/100 | Train: 0.002701 | Val: 0.003271 | LR: 0.001000
  Epoch  40/100 | Train: 0.002525 | Val: 0.003087 | LR: 0.000500
  Epoch  50/100 | Train: 0.002514 | Val: 0.003146 | LR: 0.000250
  Epoch  60/100 | Train: 0.002452 | Val: 0.003114 | LR: 0.000250
  Epoch  70/100 | Train: 0.002439 | Val: 0.003063 | LR: 0.000125
  Epoch  80/100 | Train: 0.002308 | Val: 0.003060 | LR: 0.000031
  Early stopping at epoch 80
  Best val loss: 0.003048
  Model saved: outputs\run_1\LSTM\model\LSTM.pt
  LSTM                 | RMSE:  31.8134 | MAE:  12.7994 | R2: 0.9467
  Anomalies: 103 (2.3%)

============================================================
  Training: CNN_LSTM
  Params: 9,971
============================================================
  Epoch   1/100 | Train: 0.023995 | Val: 0.006067 | LR: 0.001000
  Epoch  10/100 | Train: 0.003334 | Val: 0.003377 | LR: 0.001000
  Epoch  20/100 | Train: 0.002599 | Val: 0.003164 | LR: 0.001000
  Epoch  30/100 | Train: 0.002414 | Val: 0.003036 | LR: 0.000500
  Epoch  40/100 | Train: 0.002413 | Val: 0.003082 | LR: 0.000250
  Epoch  50/100 | Train: 0.002381 | Val: 0.002992 | LR: 0.000125
  Epoch  60/100 | Train: 0.002316 | Val: 0.002996 | LR: 0.000063
  Epoch  70/100 | Train: 0.002312 | Val: 0.003006 | LR: 0.000016
  Early stopping at epoch 78
  Best val loss: 0.002990
  Model saved: outputs\run_1\CNN_LSTM\model\CNN_LSTM.pt
  CNN_LSTM             | RMSE:  32.4898 | MAE:  14.3386 | R2: 0.9444
  Anomalies: 100 (2.2%)

============================================================
  Training: LSTM_Autoencoder
  Params: 16,611
============================================================
  Epoch   1/100 | Train: 0.076499 | Val: 0.016561 | LR: 0.001000
  Epoch  10/100 | Train: 0.002339 | Val: 0.002283 | LR: 0.001000
  Epoch  20/100 | Train: 0.001205 | Val: 0.001046 | LR: 0.001000
  Epoch  30/100 | Train: 0.000912 | Val: 0.000824 | LR: 0.001000
  Epoch  40/100 | Train: 0.000806 | Val: 0.000694 | LR: 0.001000
  Epoch  50/100 | Train: 0.000679 | Val: 0.000613 | LR: 0.001000
  Epoch  60/100 | Train: 0.000574 | Val: 0.000474 | LR: 0.001000
  Epoch  70/100 | Train: 0.000522 | Val: 0.000495 | LR: 0.001000
  Epoch  80/100 | Train: 0.000497 | Val: 0.000431 | LR: 0.001000
  Epoch  90/100 | Train: 0.000472 | Val: 0.000463 | LR: 0.001000
  Epoch 100/100 | Train: 0.000437 | Val: 0.000382 | LR: 0.000500
  Best val loss: 0.000327
  Model saved: outputs\run_1\LSTM_Autoencoder\model\LSTM_Autoencoder.pt
  Anomalies: 360 (8.0%)

============================================================
  Training: Transformer
  Params: 19,523
============================================================
  Epoch   1/100 | Train: 0.023142 | Val: 0.004515 | LR: 0.001000
  Epoch  10/100 | Train: 0.003415 | Val: 0.003355 | LR: 0.001000
  Epoch  20/100 | Train: 0.002571 | Val: 0.003382 | LR: 0.000500
  Epoch  30/100 | Train: 0.002373 | Val: 0.003149 | LR: 0.000500
  Epoch  40/100 | Train: 0.002206 | Val: 0.003145 | LR: 0.000250
  Epoch  50/100 | Train: 0.002168 | Val: 0.003152 | LR: 0.000250
  Epoch  60/100 | Train: 0.002129 | Val: 0.003073 | LR: 0.000125
  Epoch  70/100 | Train: 0.002067 | Val: 0.002998 | LR: 0.000063
  Epoch  80/100 | Train: 0.002056 | Val: 0.003001 | LR: 0.000031
  Early stopping at epoch 84
  Best val loss: 0.002992
  Model saved: outputs\run_1\Transformer\model\Transformer.pt
  Transformer          | RMSE:  32.2248 | MAE:  13.7197 | R2: 0.9453
  Anomalies: 98 (2.2%)

[5/6] Generating comparison plots...

=== Model Comparison ===
                  RMSE      MAE      R2
model                                  
Random_Forest  83.3744  34.8012  0.6346
LSTM           31.8134  12.7994  0.9467
CNN_LSTM       32.4898  14.3386  0.9444
Transformer    32.2248  13.7197  0.9453

=== Anomaly Counts ===
  Isolation_Forest         : 244
  Random_Forest            : 159
  LSTM                     : 103
  CNN_LSTM                 : 100
  LSTM_Autoencoder         : 360
  Transformer              : 98

[6/6] Ensemble anomaly detection...
  Ensemble anomalies (>=3 votes): 148
  Vote distribution: {0: 3913, 1: 289, 2: 150, 3: 129, 4: 9, 5: 8, 6: 2}

============================================================
  Pipeline complete!
  Results saved to: outputs\run_1/
============================================================
